[2018-09-27 09:11:44] production.ERROR: RuntimeException: The only supported ciphers are AES-128-CBC and AES-256-CBC with the correct key lengths. in /var/www/bootstrap/cache/compiled.php:13520
Stack trace:
#0 /var/www/bootstrap/cache/compiled.php(7927): Illuminate\Encryption\Encrypter->__construct('', 'AES-256-CBC')
#1 /var/www/bootstrap/cache/compiled.php(1477): Illuminate\Encryption\EncryptionServiceProvider->Illuminate\Encryption\{closure}(Object(Illuminate\Foundation\Application), Array)
#2 /var/www/bootstrap/cache/compiled.php(1433): Illuminate\Container\Container->build(Object(Closure), Array)
#3 /var/www/bootstrap/cache/compiled.php(2011): Illuminate\Container\Container->make('encrypter', Array)
#4 /var/www/bootstrap/cache/compiled.php(1534): Illuminate\Foundation\Application->make('encrypter')
#5 /var/www/bootstrap/cache/compiled.php(1511): Illuminate\Container\Container->resolveClass(Object(ReflectionParameter))
#6 /var/www/bootstrap/cache/compiled.php(1497): Illuminate\Container\Container->getDependencies(Array, Array)
#7 /var/www/bootstrap/cache/compiled.php(1433): Illuminate\Container\Container->build('App\\Http\\Middle...', Array)
#8 /var/www/bootstrap/cache/compiled.php(2011): Illuminate\Container\Container->make('App\\Http\\Middle...', Array)
#9 /var/www/bootstrap/cache/compiled.php(10064): Illuminate\Foundation\Application->make('App\\Http\\Middle...')
#10 /var/www/vendor/laravel/framework/src/Illuminate/Routing/Pipeline.php(33): Illuminate\Pipeline\Pipeline->Illuminate\Pipeline\{closure}(Object(Illuminate\Http\Request))
#11 /var/www/bootstrap/cache/compiled.php(10054): Illuminate\Routing\Pipeline->Illuminate\Routing\{closure}(Object(Illuminate\Http\Request))
#12 /var/www/bootstrap/cache/compiled.php(8356): Illuminate\Pipeline\Pipeline->then(Object(Closure))
#13 /var/www/bootstrap/cache/compiled.php(8347): Illuminate\Routing\Router->runRouteWithinStack(Object(Illuminate\Routing\Route), Object(Illuminate\Http\Request))
#14 /var/www/bootstrap/cache/compiled.php(8338): Illuminate\Routing\Router->dispatchToRoute(Object(Illuminate\Http\Request))
#15 /var/www/bootstrap/cache/compiled.php(2575): Illuminate\Routing\Router->dispatch(Object(Illuminate\Http\Request))
#16 /var/www/vendor/laravel/framework/src/Illuminate/Routing/Pipeline.php(53): Illuminate\Foundation\Http\Kernel->Illuminate\Foundation\Http\{closure}(Object(Illuminate\Http\Request))
#17 /var/www/bootstrap/cache/compiled.php(3374): Illuminate\Routing\Pipeline->Illuminate\Routing\{closure}(Object(Illuminate\Http\Request))
#18 /var/www/bootstrap/cache/compiled.php(10069): Illuminate\Foundation\Http\Middleware\CheckForMaintenanceMode->handle(Object(Illuminate\Http\Request), Object(Closure))
#19 /var/www/vendor/laravel/framework/src/Illuminate/Routing/Pipeline.php(33): Illuminate\Pipeline\Pipeline->Illuminate\Pipeline\{closure}(Object(Illuminate\Http\Request))
#20 /var/www/bootstrap/cache/compiled.php(10054): Illuminate\Routing\Pipeline->Illuminate\Routing\{closure}(Object(Illuminate\Http\Request))
#21 /var/www/bootstrap/cache/compiled.php(2519): Illuminate\Pipeline\Pipeline->then(Object(Closure))
#22 /var/www/bootstrap/cache/compiled.php(2503): Illuminate\Foundation\Http\Kernel->sendRequestThroughRouter(Object(Illuminate\Http\Request))
#23 /var/www/public/index.php(53): Illuminate\Foundation\Http\Kernel->handle(Object(Illuminate\Http\Request))
#24 {main}  
[2018-09-27 09:11:44] production.ERROR: RuntimeException: The only supported ciphers are AES-128-CBC and AES-256-CBC with the correct key lengths. in /var/www/bootstrap/cache/compiled.php:13520
Stack trace:
#0 /var/www/bootstrap/cache/compiled.php(7927): Illuminate\Encryption\Encrypter->__construct('', 'AES-256-CBC')
#1 /var/www/bootstrap/cache/compiled.php(1477): Illuminate\Encryption\EncryptionServiceProvider->Illuminate\Encryption\{closure}(Object(Illuminate\Foundation\Application), Array)
#2 /var/www/bootstrap/cache/compiled.php(1433): Illuminate\Container\Container->build(Object(Closure), Array)
#3 /var/www/bootstrap/cache/compiled.php(2011): Illuminate\Container\Container->make('encrypter', Array)
#4 /var/www/bootstrap/cache/compiled.php(1534): Illuminate\Foundation\Application->make('encrypter')
#5 /var/www/bootstrap/cache/compiled.php(1511): Illuminate\Container\Container->resolveClass(Object(ReflectionParameter))
#6 /var/www/bootstrap/cache/compiled.php(1497): Illuminate\Container\Container->getDependencies(Array, Array)
#7 /var/www/bootstrap/cache/compiled.php(1433): Illuminate\Container\Container->build('App\\Http\\Middle...', Array)
#8 /var/www/bootstrap/cache/compiled.php(2011): Illuminate\Container\Container->make('App\\Http\\Middle...', Array)
#9 /var/www/bootstrap/cache/compiled.php(2529): Illuminate\Foundation\Application->make('App\\Http\\Middle...')
#10 /var/www/public/index.php(58): Illuminate\Foundation\Http\Kernel->terminate(Object(Illuminate\Http\Request), Object(Illuminate\Http\Response))
#11 {main}  
[2018-09-27 09:12:03] production.ERROR: RuntimeException: The only supported ciphers are AES-128-CBC and AES-256-CBC with the correct key lengths. in /var/www/bootstrap/cache/compiled.php:13520
Stack trace:
#0 /var/www/bootstrap/cache/compiled.php(7927): Illuminate\Encryption\Encrypter->__construct('', 'AES-256-CBC')
#1 /var/www/bootstrap/cache/compiled.php(1477): Illuminate\Encryption\EncryptionServiceProvider->Illuminate\Encryption\{closure}(Object(Illuminate\Foundation\Application), Array)
#2 /var/www/bootstrap/cache/compiled.php(1433): Illuminate\Container\Container->build(Object(Closure), Array)
#3 /var/www/bootstrap/cache/compiled.php(2011): Illuminate\Container\Container->make('encrypter', Array)
#4 /var/www/bootstrap/cache/compiled.php(1534): Illuminate\Foundation\Application->make('encrypter')
#5 /var/www/bootstrap/cache/compiled.php(1511): Illuminate\Container\Container->resolveClass(Object(ReflectionParameter))
#6 /var/www/bootstrap/cache/compiled.php(1497): Illuminate\Container\Container->getDependencies(Array, Array)
#7 /var/www/bootstrap/cache/compiled.php(1433): Illuminate\Container\Container->build('App\\Http\\Middle...', Array)
#8 /var/www/bootstrap/cache/compiled.php(2011): Illuminate\Container\Container->make('App\\Http\\Middle...', Array)
#9 /var/www/bootstrap/cache/compiled.php(10064): Illuminate\Foundation\Application->make('App\\Http\\Middle...')
#10 /var/www/vendor/laravel/framework/src/Illuminate/Routing/Pipeline.php(33): Illuminate\Pipeline\Pipeline->Illuminate\Pipeline\{closure}(Object(Illuminate\Http\Request))
#11 /var/www/bootstrap/cache/compiled.php(10054): Illuminate\Routing\Pipeline->Illuminate\Routing\{closure}(Object(Illuminate\Http\Request))
#12 /var/www/bootstrap/cache/compiled.php(8356): Illuminate\Pipeline\Pipeline->then(Object(Closure))
#13 /var/www/bootstrap/cache/compiled.php(8347): Illuminate\Routing\Router->runRouteWithinStack(Object(Illuminate\Routing\Route), Object(Illuminate\Http\Request))
#14 /var/www/bootstrap/cache/compiled.php(8338): Illuminate\Routing\Router->dispatchToRoute(Object(Illuminate\Http\Request))
#15 /var/www/bootstrap/cache/compiled.php(2575): Illuminate\Routing\Router->dispatch(Object(Illuminate\Http\Request))
#16 /var/www/vendor/laravel/framework/src/Illuminate/Routing/Pipeline.php(53): Illuminate\Foundation\Http\Kernel->Illuminate\Foundation\Http\{closure}(Object(Illuminate\Http\Request))
#17 /var/www/bootstrap/cache/compiled.php(3374): Illuminate\Routing\Pipeline->Illuminate\Routing\{closure}(Object(Illuminate\Http\Request))
#18 /var/www/bootstrap/cache/compiled.php(10069): Illuminate\Foundation\Http\Middleware\CheckForMaintenanceMode->handle(Object(Illuminate\Http\Request), Object(Closure))
#19 /var/www/vendor/laravel/framework/src/Illuminate/Routing/Pipeline.php(33): Illuminate\Pipeline\Pipeline->Illuminate\Pipeline\{closure}(Object(Illuminate\Http\Request))
#20 /var/www/bootstrap/cache/compiled.php(10054): Illuminate\Routing\Pipeline->Illuminate\Routing\{closure}(Object(Illuminate\Http\Request))
#21 /var/www/bootstrap/cache/compiled.php(2519): Illuminate\Pipeline\Pipeline->then(Object(Closure))
#22 /var/www/bootstrap/cache/compiled.php(2503): Illuminate\Foundation\Http\Kernel->sendRequestThroughRouter(Object(Illuminate\Http\Request))
#23 /var/www/public/index.php(53): Illuminate\Foundation\Http\Kernel->handle(Object(Illuminate\Http\Request))
#24 {main}  
[2018-09-27 09:12:03] production.ERROR: RuntimeException: The only supported ciphers are AES-128-CBC and AES-256-CBC with the correct key lengths. in /var/www/bootstrap/cache/compiled.php:13520
Stack trace:
#0 /var/www/bootstrap/cache/compiled.php(7927): Illuminate\Encryption\Encrypter->__construct('', 'AES-256-CBC')
#1 /var/www/bootstrap/cache/compiled.php(1477): Illuminate\Encryption\EncryptionServiceProvider->Illuminate\Encryption\{closure}(Object(Illuminate\Foundation\Application), Array)
#2 /var/www/bootstrap/cache/compiled.php(1433): Illuminate\Container\Container->build(Object(Closure), Array)
#3 /var/www/bootstrap/cache/compiled.php(2011): Illuminate\Container\Container->make('encrypter', Array)
#4 /var/www/bootstrap/cache/compiled.php(1534): Illuminate\Foundation\Application->make('encrypter')
#5 /var/www/bootstrap/cache/compiled.php(1511): Illuminate\Container\Container->resolveClass(Object(ReflectionParameter))
#6 /var/www/bootstrap/cache/compiled.php(1497): Illuminate\Container\Container->getDependencies(Array, Array)
#7 /var/www/bootstrap/cache/compiled.php(1433): Illuminate\Container\Container->build('App\\Http\\Middle...', Array)
#8 /var/www/bootstrap/cache/compiled.php(2011): Illuminate\Container\Container->make('App\\Http\\Middle...', Array)
#9 /var/www/bootstrap/cache/compiled.php(2529): Illuminate\Foundation\Application->make('App\\Http\\Middle...')
#10 /var/www/public/index.php(58): Illuminate\Foundation\Http\Kernel->terminate(Object(Illuminate\Http\Request), Object(Illuminate\Http\Response))
#11 {main}  
[2018-09-27 09:12:10] production.ERROR: RuntimeException: The only supported ciphers are AES-128-CBC and AES-256-CBC with the correct key lengths. in /var/www/bootstrap/cache/compiled.php:13520
Stack trace:
#0 /var/www/bootstrap/cache/compiled.php(7927): Illuminate\Encryption\Encrypter->__construct('', 'AES-256-CBC')
#1 /var/www/bootstrap/cache/compiled.php(1477): Illuminate\Encryption\EncryptionServiceProvider->Illuminate\Encryption\{closure}(Object(Illuminate\Foundation\Application), Array)
#2 /var/www/bootstrap/cache/compiled.php(1433): Illuminate\Container\Container->build(Object(Closure), Array)
#3 /var/www/bootstrap/cache/compiled.php(2011): Illuminate\Container\Container->make('encrypter', Array)
#4 /var/www/bootstrap/cache/compiled.php(1534): Illuminate\Foundation\Application->make('encrypter')
#5 /var/www/bootstrap/cache/compiled.php(1511): Illuminate\Container\Container->resolveClass(Object(ReflectionParameter))
#6 /var/www/bootstrap/cache/compiled.php(1497): Illuminate\Container\Container->getDependencies(Array, Array)
#7 /var/www/bootstrap/cache/compiled.php(1433): Illuminate\Container\Container->build('App\\Http\\Middle...', Array)
#8 /var/www/bootstrap/cache/compiled.php(2011): Illuminate\Container\Container->make('App\\Http\\Middle...', Array)
#9 /var/www/bootstrap/cache/compiled.php(10064): Illuminate\Foundation\Application->make('App\\Http\\Middle...')
#10 /var/www/vendor/laravel/framework/src/Illuminate/Routing/Pipeline.php(33): Illuminate\Pipeline\Pipeline->Illuminate\Pipeline\{closure}(Object(Illuminate\Http\Request))
#11 /var/www/bootstrap/cache/compiled.php(10054): Illuminate\Routing\Pipeline->Illuminate\Routing\{closure}(Object(Illuminate\Http\Request))
#12 /var/www/bootstrap/cache/compiled.php(8356): Illuminate\Pipeline\Pipeline->then(Object(Closure))
#13 /var/www/bootstrap/cache/compiled.php(8347): Illuminate\Routing\Router->runRouteWithinStack(Object(Illuminate\Routing\Route), Object(Illuminate\Http\Request))
#14 /var/www/bootstrap/cache/compiled.php(8338): Illuminate\Routing\Router->dispatchToRoute(Object(Illuminate\Http\Request))
#15 /var/www/bootstrap/cache/compiled.php(2575): Illuminate\Routing\Router->dispatch(Object(Illuminate\Http\Request))
#16 /var/www/vendor/laravel/framework/src/Illuminate/Routing/Pipeline.php(53): Illuminate\Foundation\Http\Kernel->Illuminate\Foundation\Http\{closure}(Object(Illuminate\Http\Request))
#17 /var/www/bootstrap/cache/compiled.php(3374): Illuminate\Routing\Pipeline->Illuminate\Routing\{closure}(Object(Illuminate\Http\Request))
#18 /var/www/bootstrap/cache/compiled.php(10069): Illuminate\Foundation\Http\Middleware\CheckForMaintenanceMode->handle(Object(Illuminate\Http\Request), Object(Closure))
#19 /var/www/vendor/laravel/framework/src/Illuminate/Routing/Pipeline.php(33): Illuminate\Pipeline\Pipeline->Illuminate\Pipeline\{closure}(Object(Illuminate\Http\Request))
#20 /var/www/bootstrap/cache/compiled.php(10054): Illuminate\Routing\Pipeline->Illuminate\Routing\{closure}(Object(Illuminate\Http\Request))
#21 /var/www/bootstrap/cache/compiled.php(2519): Illuminate\Pipeline\Pipeline->then(Object(Closure))
#22 /var/www/bootstrap/cache/compiled.php(2503): Illuminate\Foundation\Http\Kernel->sendRequestThroughRouter(Object(Illuminate\Http\Request))
#23 /var/www/public/index.php(53): Illuminate\Foundation\Http\Kernel->handle(Object(Illuminate\Http\Request))
#24 {main}  
[2018-09-27 09:12:10] production.ERROR: RuntimeException: The only supported ciphers are AES-128-CBC and AES-256-CBC with the correct key lengths. in /var/www/bootstrap/cache/compiled.php:13520
Stack trace:
#0 /var/www/bootstrap/cache/compiled.php(7927): Illuminate\Encryption\Encrypter->__construct('', 'AES-256-CBC')
#1 /var/www/bootstrap/cache/compiled.php(1477): Illuminate\Encryption\EncryptionServiceProvider->Illuminate\Encryption\{closure}(Object(Illuminate\Foundation\Application), Array)
#2 /var/www/bootstrap/cache/compiled.php(1433): Illuminate\Container\Container->build(Object(Closure), Array)
#3 /var/www/bootstrap/cache/compiled.php(2011): Illuminate\Container\Container->make('encrypter', Array)
#4 /var/www/bootstrap/cache/compiled.php(1534): Illuminate\Foundation\Application->make('encrypter')
#5 /var/www/bootstrap/cache/compiled.php(1511): Illuminate\Container\Container->resolveClass(Object(ReflectionParameter))
#6 /var/www/bootstrap/cache/compiled.php(1497): Illuminate\Container\Container->getDependencies(Array, Array)
#7 /var/www/bootstrap/cache/compiled.php(1433): Illuminate\Container\Container->build('App\\Http\\Middle...', Array)
#8 /var/www/bootstrap/cache/compiled.php(2011): Illuminate\Container\Container->make('App\\Http\\Middle...', Array)
#9 /var/www/bootstrap/cache/compiled.php(2529): Illuminate\Foundation\Application->make('App\\Http\\Middle...')
#10 /var/www/public/index.php(58): Illuminate\Foundation\Http\Kernel->terminate(Object(Illuminate\Http\Request), Object(Illuminate\Http\Response))
#11 {main}  
[2018-09-27 09:12:29] production.ERROR: ErrorException: file_get_contents(/var/www/.env): failed to open stream: No such file or directory in /var/www/vendor/laravel/framework/src/Illuminate/Foundation/Console/KeyGenerateCommand.php:57
Stack trace:
#0 [internal function]: Illuminate\Foundation\Bootstrap\HandleExceptions->handleError(2, 'file_get_conten...', '/var/www/vendor...', 57, Array)
#1 /var/www/vendor/laravel/framework/src/Illuminate/Foundation/Console/KeyGenerateCommand.php(57): file_get_contents('/var/www/.env')
#2 /var/www/vendor/laravel/framework/src/Illuminate/Foundation/Console/KeyGenerateCommand.php(39): Illuminate\Foundation\Console\KeyGenerateCommand->setKeyInEnvironmentFile('base64:NoNIf3o6...')
#3 [internal function]: Illuminate\Foundation\Console\KeyGenerateCommand->fire()
#4 /var/www/bootstrap/cache/compiled.php(1375): call_user_func_array(Array, Array)
#5 /var/www/vendor/laravel/framework/src/Illuminate/Console/Command.php(169): Illuminate\Container\Container->call(Array)
#6 /var/www/vendor/symfony/console/Command/Command.php(261): Illuminate\Console\Command->execute(Object(Symfony\Component\Console\Input\ArgvInput), Object(Symfony\Component\Console\Output\ConsoleOutput))
#7 /var/www/vendor/laravel/framework/src/Illuminate/Console/Command.php(155): Symfony\Component\Console\Command\Command->run(Object(Symfony\Component\Console\Input\ArgvInput), Object(Symfony\Component\Console\Output\ConsoleOutput))
#8 /var/www/vendor/symfony/console/Application.php(817): Illuminate\Console\Command->run(Object(Symfony\Component\Console\Input\ArgvInput), Object(Symfony\Component\Console\Output\ConsoleOutput))
#9 /var/www/vendor/symfony/console/Application.php(185): Symfony\Component\Console\Application->doRunCommand(Object(Illuminate\Foundation\Console\KeyGenerateCommand), Object(Symfony\Component\Console\Input\ArgvInput), Object(Symfony\Component\Console\Output\ConsoleOutput))
#10 /var/www/vendor/symfony/console/Application.php(116): Symfony\Component\Console\Application->doRun(Object(Symfony\Component\Console\Input\ArgvInput), Object(Symfony\Component\Console\Output\ConsoleOutput))
#11 /var/www/vendor/laravel/framework/src/Illuminate/Foundation/Console/Kernel.php(121): Symfony\Component\Console\Application->run(Object(Symfony\Component\Console\Input\ArgvInput), Object(Symfony\Component\Console\Output\ConsoleOutput))
#12 /var/www/artisan(35): Illuminate\Foundation\Console\Kernel->handle(Object(Symfony\Component\Console\Input\ArgvInput), Object(Symfony\Component\Console\Output\ConsoleOutput))
#13 {main}  
[2018-09-27 09:14:28] local.ERROR: RuntimeException: The only supported ciphers are AES-128-CBC and AES-256-CBC with the correct key lengths. in /var/www/bootstrap/cache/compiled.php:13520
Stack trace:
#0 /var/www/bootstrap/cache/compiled.php(7927): Illuminate\Encryption\Encrypter->__construct('', 'AES-256-CBC')
#1 /var/www/bootstrap/cache/compiled.php(1477): Illuminate\Encryption\EncryptionServiceProvider->Illuminate\Encryption\{closure}(Object(Illuminate\Foundation\Application), Array)
#2 /var/www/bootstrap/cache/compiled.php(1433): Illuminate\Container\Container->build(Object(Closure), Array)
#3 /var/www/bootstrap/cache/compiled.php(2011): Illuminate\Container\Container->make('encrypter', Array)
#4 /var/www/bootstrap/cache/compiled.php(1534): Illuminate\Foundation\Application->make('encrypter')
#5 /var/www/bootstrap/cache/compiled.php(1511): Illuminate\Container\Container->resolveClass(Object(ReflectionParameter))
#6 /var/www/bootstrap/cache/compiled.php(1497): Illuminate\Container\Container->getDependencies(Array, Array)
#7 /var/www/bootstrap/cache/compiled.php(1433): Illuminate\Container\Container->build('App\\Http\\Middle...', Array)
#8 /var/www/bootstrap/cache/compiled.php(2011): Illuminate\Container\Container->make('App\\Http\\Middle...', Array)
#9 /var/www/bootstrap/cache/compiled.php(10064): Illuminate\Foundation\Application->make('App\\Http\\Middle...')
#10 /var/www/vendor/laravel/framework/src/Illuminate/Routing/Pipeline.php(33): Illuminate\Pipeline\Pipeline->Illuminate\Pipeline\{closure}(Object(Illuminate\Http\Request))
#11 /var/www/bootstrap/cache/compiled.php(10054): Illuminate\Routing\Pipeline->Illuminate\Routing\{closure}(Object(Illuminate\Http\Request))
#12 /var/www/bootstrap/cache/compiled.php(8356): Illuminate\Pipeline\Pipeline->then(Object(Closure))
#13 /var/www/bootstrap/cache/compiled.php(8347): Illuminate\Routing\Router->runRouteWithinStack(Object(Illuminate\Routing\Route), Object(Illuminate\Http\Request))
#14 /var/www/bootstrap/cache/compiled.php(8338): Illuminate\Routing\Router->dispatchToRoute(Object(Illuminate\Http\Request))
#15 /var/www/bootstrap/cache/compiled.php(2575): Illuminate\Routing\Router->dispatch(Object(Illuminate\Http\Request))
#16 /var/www/vendor/laravel/framework/src/Illuminate/Routing/Pipeline.php(53): Illuminate\Foundation\Http\Kernel->Illuminate\Foundation\Http\{closure}(Object(Illuminate\Http\Request))
#17 /var/www/bootstrap/cache/compiled.php(3374): Illuminate\Routing\Pipeline->Illuminate\Routing\{closure}(Object(Illuminate\Http\Request))
#18 /var/www/bootstrap/cache/compiled.php(10069): Illuminate\Foundation\Http\Middleware\CheckForMaintenanceMode->handle(Object(Illuminate\Http\Request), Object(Closure))
#19 /var/www/vendor/laravel/framework/src/Illuminate/Routing/Pipeline.php(33): Illuminate\Pipeline\Pipeline->Illuminate\Pipeline\{closure}(Object(Illuminate\Http\Request))
#20 /var/www/bootstrap/cache/compiled.php(10054): Illuminate\Routing\Pipeline->Illuminate\Routing\{closure}(Object(Illuminate\Http\Request))
#21 /var/www/bootstrap/cache/compiled.php(2519): Illuminate\Pipeline\Pipeline->then(Object(Closure))
#22 /var/www/bootstrap/cache/compiled.php(2503): Illuminate\Foundation\Http\Kernel->sendRequestThroughRouter(Object(Illuminate\Http\Request))
#23 /var/www/public/index.php(53): Illuminate\Foundation\Http\Kernel->handle(Object(Illuminate\Http\Request))
#24 {main}  
[2018-09-27 09:14:28] local.ERROR: RuntimeException: The only supported ciphers are AES-128-CBC and AES-256-CBC with the correct key lengths. in /var/www/bootstrap/cache/compiled.php:13520
Stack trace:
#0 /var/www/bootstrap/cache/compiled.php(7927): Illuminate\Encryption\Encrypter->__construct('', 'AES-256-CBC')
#1 /var/www/bootstrap/cache/compiled.php(1477): Illuminate\Encryption\EncryptionServiceProvider->Illuminate\Encryption\{closure}(Object(Illuminate\Foundation\Application), Array)
#2 /var/www/bootstrap/cache/compiled.php(1433): Illuminate\Container\Container->build(Object(Closure), Array)
#3 /var/www/bootstrap/cache/compiled.php(2011): Illuminate\Container\Container->make('encrypter', Array)
#4 /var/www/bootstrap/cache/compiled.php(1534): Illuminate\Foundation\Application->make('encrypter')
#5 /var/www/bootstrap/cache/compiled.php(1511): Illuminate\Container\Container->resolveClass(Object(ReflectionParameter))
#6 /var/www/bootstrap/cache/compiled.php(1497): Illuminate\Container\Container->getDependencies(Array, Array)
#7 /var/www/bootstrap/cache/compiled.php(1433): Illuminate\Container\Container->build('App\\Http\\Middle...', Array)
#8 /var/www/bootstrap/cache/compiled.php(2011): Illuminate\Container\Container->make('App\\Http\\Middle...', Array)
#9 /var/www/bootstrap/cache/compiled.php(2529): Illuminate\Foundation\Application->make('App\\Http\\Middle...')
#10 /var/www/public/index.php(58): Illuminate\Foundation\Http\Kernel->terminate(Object(Illuminate\Http\Request), Object(Illuminate\Http\Response))
#11 {main}  
[2018-09-27 09:14:34] local.ERROR: RuntimeException: The only supported ciphers are AES-128-CBC and AES-256-CBC with the correct key lengths. in /var/www/bootstrap/cache/compiled.php:13520
Stack trace:
#0 /var/www/bootstrap/cache/compiled.php(7927): Illuminate\Encryption\Encrypter->__construct('', 'AES-256-CBC')
#1 /var/www/bootstrap/cache/compiled.php(1477): Illuminate\Encryption\EncryptionServiceProvider->Illuminate\Encryption\{closure}(Object(Illuminate\Foundation\Application), Array)
#2 /var/www/bootstrap/cache/compiled.php(1433): Illuminate\Container\Container->build(Object(Closure), Array)
#3 /var/www/bootstrap/cache/compiled.php(2011): Illuminate\Container\Container->make('encrypter', Array)
#4 /var/www/bootstrap/cache/compiled.php(1534): Illuminate\Foundation\Application->make('encrypter')
#5 /var/www/bootstrap/cache/compiled.php(1511): Illuminate\Container\Container->resolveClass(Object(ReflectionParameter))
#6 /var/www/bootstrap/cache/compiled.php(1497): Illuminate\Container\Container->getDependencies(Array, Array)
#7 /var/www/bootstrap/cache/compiled.php(1433): Illuminate\Container\Container->build('App\\Http\\Middle...', Array)
#8 /var/www/bootstrap/cache/compiled.php(2011): Illuminate\Container\Container->make('App\\Http\\Middle...', Array)
#9 /var/www/bootstrap/cache/compiled.php(10064): Illuminate\Foundation\Application->make('App\\Http\\Middle...')
#10 /var/www/vendor/laravel/framework/src/Illuminate/Routing/Pipeline.php(33): Illuminate\Pipeline\Pipeline->Illuminate\Pipeline\{closure}(Object(Illuminate\Http\Request))
#11 /var/www/bootstrap/cache/compiled.php(10054): Illuminate\Routing\Pipeline->Illuminate\Routing\{closure}(Object(Illuminate\Http\Request))
#12 /var/www/bootstrap/cache/compiled.php(8356): Illuminate\Pipeline\Pipeline->then(Object(Closure))
#13 /var/www/bootstrap/cache/compiled.php(8347): Illuminate\Routing\Router->runRouteWithinStack(Object(Illuminate\Routing\Route), Object(Illuminate\Http\Request))
#14 /var/www/bootstrap/cache/compiled.php(8338): Illuminate\Routing\Router->dispatchToRoute(Object(Illuminate\Http\Request))
#15 /var/www/bootstrap/cache/compiled.php(2575): Illuminate\Routing\Router->dispatch(Object(Illuminate\Http\Request))
#16 /var/www/vendor/laravel/framework/src/Illuminate/Routing/Pipeline.php(53): Illuminate\Foundation\Http\Kernel->Illuminate\Foundation\Http\{closure}(Object(Illuminate\Http\Request))
#17 /var/www/bootstrap/cache/compiled.php(3374): Illuminate\Routing\Pipeline->Illuminate\Routing\{closure}(Object(Illuminate\Http\Request))
#18 /var/www/bootstrap/cache/compiled.php(10069): Illuminate\Foundation\Http\Middleware\CheckForMaintenanceMode->handle(Object(Illuminate\Http\Request), Object(Closure))
#19 /var/www/vendor/laravel/framework/src/Illuminate/Routing/Pipeline.php(33): Illuminate\Pipeline\Pipeline->Illuminate\Pipeline\{closure}(Object(Illuminate\Http\Request))
#20 /var/www/bootstrap/cache/compiled.php(10054): Illuminate\Routing\Pipeline->Illuminate\Routing\{closure}(Object(Illuminate\Http\Request))
#21 /var/www/bootstrap/cache/compiled.php(2519): Illuminate\Pipeline\Pipeline->then(Object(Closure))
#22 /var/www/bootstrap/cache/compiled.php(2503): Illuminate\Foundation\Http\Kernel->sendRequestThroughRouter(Object(Illuminate\Http\Request))
#23 /var/www/public/index.php(53): Illuminate\Foundation\Http\Kernel->handle(Object(Illuminate\Http\Request))
#24 {main}  
[2018-09-27 09:14:34] local.ERROR: RuntimeException: The only supported ciphers are AES-128-CBC and AES-256-CBC with the correct key lengths. in /var/www/bootstrap/cache/compiled.php:13520
Stack trace:
#0 /var/www/bootstrap/cache/compiled.php(7927): Illuminate\Encryption\Encrypter->__construct('', 'AES-256-CBC')
#1 /var/www/bootstrap/cache/compiled.php(1477): Illuminate\Encryption\EncryptionServiceProvider->Illuminate\Encryption\{closure}(Object(Illuminate\Foundation\Application), Array)
#2 /var/www/bootstrap/cache/compiled.php(1433): Illuminate\Container\Container->build(Object(Closure), Array)
#3 /var/www/bootstrap/cache/compiled.php(2011): Illuminate\Container\Container->make('encrypter', Array)
#4 /var/www/bootstrap/cache/compiled.php(1534): Illuminate\Foundation\Application->make('encrypter')
#5 /var/www/bootstrap/cache/compiled.php(1511): Illuminate\Container\Container->resolveClass(Object(ReflectionParameter))
#6 /var/www/bootstrap/cache/compiled.php(1497): Illuminate\Container\Container->getDependencies(Array, Array)
#7 /var/www/bootstrap/cache/compiled.php(1433): Illuminate\Container\Container->build('App\\Http\\Middle...', Array)
#8 /var/www/bootstrap/cache/compiled.php(2011): Illuminate\Container\Container->make('App\\Http\\Middle...', Array)
#9 /var/www/bootstrap/cache/compiled.php(2529): Illuminate\Foundation\Application->make('App\\Http\\Middle...')
#10 /var/www/public/index.php(58): Illuminate\Foundation\Http\Kernel->terminate(Object(Illuminate\Http\Request), Object(Illuminate\Http\Response))
#11 {main}  
